Using pre-set license
Built from '2020.3/release' branch; Version is '2020.3.2f1 (8fd9074bf66c) revision 9427207'; Using compiler version '192528614'; Build Type 'Release'
OS: 'Windows 10 Home; OS build 22494.1000; Version 2009; 64bit' Language: 'en' Physical Memory: 16233 MB
BatchMode: 1, IsHumanControllingUs: 0, StartBugReporterOnCrash: 0, Is64bit: 1, IsPro: 0

 COMMAND LINE ARGUMENTS:
C:\Program Files\Unity\Hub\Editor\2020.3.2f1\Editor\Unity.exe
-adb2
-batchMode
-noUpm
-name
AssetImportWorker0
-projectPath
D:/Abousetta/Work/Wiki Experience/AR-Frog
-logFile
Logs/AssetImportWorker0.log
-srvPort
62698
Successfully changed project path to: D:/Abousetta/Work/Wiki Experience/AR-Frog
D:/Abousetta/Work/Wiki Experience/AR-Frog
Using Asset Import Pipeline V2.
Refreshing native plugins compatible for Editor in 62.57 ms, found 2 plugins.
Preloading 0 native plugins for Editor in 0.00 ms.
Initialize engine version: 2020.3.2f1 (8fd9074bf66c)
[Subsystems] Discovering subsystems at path C:/Program Files/Unity/Hub/Editor/2020.3.2f1/Editor/Data/Resources/UnitySubsystems
[Subsystems] Discovering subsystems at path D:/Abousetta/Work/Wiki Experience/AR-Frog/Assets
GfxDevice: creating device client; threaded=0
Direct3D:
    Version:  Direct3D 11.0 [level 11.1]
    Renderer: NVIDIA GeForce GTX 1660 Ti (ID=0x2191)
    Vendor:   
    VRAM:     5991 MB
    Driver:   30.0.14.9709
Shader 'Universal Render Pipeline/Particles/Lit': fallback shader 'Universal Render Pipeline/Particles/SimpleLit' not found
Initialize mono
Mono path[0] = 'C:/Program Files/Unity/Hub/Editor/2020.3.2f1/Editor/Data/Managed'
Mono path[1] = 'C:/Program Files/Unity/Hub/Editor/2020.3.2f1/Editor/Data/MonoBleedingEdge/lib/mono/unityjit'
Mono config path = 'C:/Program Files/Unity/Hub/Editor/2020.3.2f1/Editor/Data/MonoBleedingEdge/etc'
Using monoOptions --debugger-agent=transport=dt_socket,embedding=1,server=y,suspend=n,address=127.0.0.1:56976
Begin MonoManager ReloadAssembly
Registering precompiled unity dll's ...
Register platform support module: C:/Program Files/Unity/Hub/Editor/2020.3.2f1/Editor/Data/PlaybackEngines/WebGLSupport/UnityEditor.WebGL.Extensions.dll
Register platform support module: C:/Program Files/Unity/Hub/Editor/2020.3.2f1/Editor/Data/PlaybackEngines/WindowsStandaloneSupport/UnityEditor.WindowsStandalone.Extensions.dll
Registered in 0.001769 seconds.
Native extension for WindowsStandalone target not found
Native extension for WebGL target not found
Refreshing native plugins compatible for Editor in 60.17 ms, found 2 plugins.
Preloading 0 native plugins for Editor in 0.00 ms.
Invoked RoslynAnalysisRunner static constructor.
RoslynAnalysisRunner will not be running.
RoslynAnalysisRunner has terminated.
Mono: successfully reloaded assembly
- Completed reload, in  2.350 seconds
Platform modules already initialized, skipping
Registering precompiled user dll's ...
Registered in 0.003865 seconds.
Begin MonoManager ReloadAssembly
Native extension for WindowsStandalone target not found
Native extension for WebGL target not found
Refreshing native plugins compatible for Editor in 57.71 ms, found 2 plugins.
Preloading 0 native plugins for Editor in 0.00 ms.
Invoked RoslynAnalysisRunner static constructor.
RoslynAnalysisRunner will not be running.
RoslynAnalysisRunner has terminated.
Mono: successfully reloaded assembly
- Completed reload, in  1.459 seconds
Platform modules already initialized, skipping
========================================================================
Worker process is ready to serve import requests
Shader 'Universal Render Pipeline/Particles/Lit': fallback shader 'Universal Render Pipeline/Particles/SimpleLit' not found
Launched and connected shader compiler UnityShaderCompiler.exe after 0.04 seconds
Refreshing native plugins compatible for Editor in 0.59 ms, found 2 plugins.
Preloading 0 native plugins for Editor in 0.00 ms.
Unloading 3457 Unused Serialized files (Serialized files now loaded: 0)
System memory in use before: 150.2 MB.
System memory in use after: 150.4 MB.

Unloading 24 unused Assets to reduce memory usage. Loaded Objects now: 3895.
Total: 2.951500 ms (FindLiveObjects: 0.347300 ms CreateObjectMapping: 0.181500 ms MarkObjects: 2.353200 ms  DeleteObjects: 0.068000 ms)

========================================================================
Received Import Request.
  path: Assets/Scripts/Touch System
  artifactKey: Guid(3d459bef8d5653840b252af4b9b48ca4) Importer(815301076,1909f56bfc062723c751e8b465ee728b)
Start importing Assets/Scripts/Touch System using Guid(3d459bef8d5653840b252af4b9b48ca4) Importer(815301076,1909f56bfc062723c751e8b465ee728b)  -> (artifact id: 'c3cb3e1dd93486db4cddac24b64a025c') in 0.010511 seconds
  Import took 0.015566 seconds .

========================================================================
Received Import Request.
  Time since last request: 0.000275 seconds.
  path: Assets/Scripts/Touch System/Touch Controls.inputactions
  artifactKey: Guid(957a9e8acb98b0449b4f517fad86b54f) Importer(815301076,1909f56bfc062723c751e8b465ee728b)
Start importing Assets/Scripts/Touch System/Touch Controls.inputactions using Guid(957a9e8acb98b0449b4f517fad86b54f) Importer(815301076,1909f56bfc062723c751e8b465ee728b)  -> (artifact id: '4033450b519c76a85b1c5a869fba511e') in 0.050867 seconds
  Import took 0.055529 seconds .

========================================================================
Received Import Request.
  Time since last request: 0.000260 seconds.
  path: Assets/Resources/DOTweenSettings.asset
  artifactKey: Guid(80a18fd8a8dba0343b988faa9b91662b) Importer(815301076,1909f56bfc062723c751e8b465ee728b)
Start importing Assets/Resources/DOTweenSettings.asset using Guid(80a18fd8a8dba0343b988faa9b91662b) Importer(815301076,1909f56bfc062723c751e8b465ee728b)  -> (artifact id: '412f834f7ce10dd6cb3f85601e9340b7') in 0.034614 seconds
  Import took 0.039439 seconds .

========================================================================
Received Import Request.
  Time since last request: 0.000338 seconds.
  path: Assets/Rendering/UniversalRenderPipelineAsset_Renderer.asset
  artifactKey: Guid(ee53c972321d964439e13a7b5761b189) Importer(815301076,1909f56bfc062723c751e8b465ee728b)
Start importing Assets/Rendering/UniversalRenderPipelineAsset_Renderer.asset using Guid(ee53c972321d964439e13a7b5761b189) Importer(815301076,1909f56bfc062723c751e8b465ee728b)  -> (artifact id: '5bdd3436540d5de62eb5a6609597e318') in 0.008108 seconds
  Import took 0.014066 seconds .

========================================================================
Received Import Request.
  Time since last request: 0.000277 seconds.
  path: Assets/Rendering/UniversalRenderPipelineAsset.asset
  artifactKey: Guid(a53859b7bb7e05f4a85dceef4cfd404e) Importer(815301076,1909f56bfc062723c751e8b465ee728b)
Start importing Assets/Rendering/UniversalRenderPipelineAsset.asset using Guid(a53859b7bb7e05f4a85dceef4cfd404e) Importer(815301076,1909f56bfc062723c751e8b465ee728b)  -> (artifact id: '58a527b740642b4a163560de624750dd') in 0.009549 seconds
  Import took 0.015011 seconds .

========================================================================
Received Import Request.
  Time since last request: 25.144384 seconds.
  path: Assets/Scripts/Placed Objects/DragObject.cs
  artifactKey: Guid(8da674717bb7a9543b35d466d9f94bb9) Importer(815301076,1909f56bfc062723c751e8b465ee728b)
Start importing Assets/Scripts/Placed Objects/DragObject.cs using Guid(8da674717bb7a9543b35d466d9f94bb9) Importer(815301076,1909f56bfc062723c751e8b465ee728b)  -> (artifact id: 'dbf33735714f7aff69cc782cdeeac6fd') in 0.012589 seconds
  Import took 0.018597 seconds .

========================================================================
Received Import Request.
  Time since last request: 0.016159 seconds.
  path: Assets/Scripts/Placed Objects/DragObject.cs
  artifactKey: Guid(8da674717bb7a9543b35d466d9f94bb9) Importer(815301076,1909f56bfc062723c751e8b465ee728b)
Start importing Assets/Scripts/Placed Objects/DragObject.cs using Guid(8da674717bb7a9543b35d466d9f94bb9) Importer(815301076,1909f56bfc062723c751e8b465ee728b)  -> (artifact id: 'dbf33735714f7aff69cc782cdeeac6fd') in 0.002563 seconds
  Import took 0.007655 seconds .

========================================================================
Received Import Request.
  Time since last request: 19.781058 seconds.
  path: Assets/Scripts/Placed Objects/DragObject.cs
  artifactKey: Guid(8da674717bb7a9543b35d466d9f94bb9) Importer(815301076,1909f56bfc062723c751e8b465ee728b)
Start importing Assets/Scripts/Placed Objects/DragObject.cs using Guid(8da674717bb7a9543b35d466d9f94bb9) Importer(815301076,1909f56bfc062723c751e8b465ee728b)  -> (artifact id: '65020fa17b346b7a9d70e0357c03247c') in 0.003275 seconds
  Import took 0.011043 seconds .

========================================================================
Received Prepare
Registering precompiled user dll's ...
Registered in 0.003211 seconds.
Begin MonoManager ReloadAssembly
Native extension for WindowsStandalone target not found
Native extension for WebGL target not found
Refreshing native plugins compatible for Editor in 0.71 ms, found 2 plugins.
Preloading 0 native plugins for Editor in 0.00 ms.
Invoked RoslynAnalysisRunner static constructor.
RoslynAnalysisRunner will not be running.
RoslynAnalysisRunner has terminated.
Mono: successfully reloaded assembly
- Completed reload, in  1.314 seconds
Platform modules already initialized, skipping
Shader 'Universal Render Pipeline/Particles/Lit': fallback shader 'Universal Render Pipeline/Particles/SimpleLit' not found
Refreshing native plugins compatible for Editor in 0.62 ms, found 2 plugins.
Preloading 0 native plugins for Editor in 0.00 ms.
Unloading 3325 Unused Serialized files (Serialized files now loaded: 0)
System memory in use before: 141.2 MB.
System memory in use after: 141.4 MB.

Unloading 17 unused Assets to reduce memory usage. Loaded Objects now: 3901.
Total: 3.225100 ms (FindLiveObjects: 0.339900 ms CreateObjectMapping: 0.184400 ms MarkObjects: 2.680300 ms  DeleteObjects: 0.019400 ms)

========================================================================
Received Prepare
Registering precompiled user dll's ...
Registered in 0.003249 seconds.
Begin MonoManager ReloadAssembly
Native extension for WindowsStandalone target not found
Native extension for WebGL target not found
Refreshing native plugins compatible for Editor in 1.24 ms, found 2 plugins.
Preloading 0 native plugins for Editor in 0.00 ms.
Invoked RoslynAnalysisRunner static constructor.
RoslynAnalysisRunner will not be running.
RoslynAnalysisRunner has terminated.
Mono: successfully reloaded assembly
- Completed reload, in  1.866 seconds
Platform modules already initialized, skipping
Switching build target platform(5) subTarget(0) extendedPlatform(0) -> platform(13) subTarget(589824) extendedPlatform(0)
Shader 'Universal Render Pipeline/Particles/Lit': fallback shader 'Universal Render Pipeline/Particles/SimpleLit' not found
Refreshing native plugins compatible for Editor in 0.65 ms, found 2 plugins.
Preloading 0 native plugins for Editor in 0.00 ms.
Unloading 3327 Unused Serialized files (Serialized files now loaded: 0)
System memory in use before: 139.7 MB.
System memory in use after: 139.9 MB.

Unloading 17 unused Assets to reduce memory usage. Loaded Objects now: 3904.
Total: 3.416900 ms (FindLiveObjects: 0.338100 ms CreateObjectMapping: 0.190900 ms MarkObjects: 2.863700 ms  DeleteObjects: 0.022900 ms)

AssetImportParameters requested are different than current active one (requested -> active):
  custom:graphics/normal-map-encoding: 01000000000000000000000000000000 -> 02000000000000000000000000000000
========================================================================
Received Prepare
Shader 'Universal Render Pipeline/Particles/Lit': fallback shader 'Universal Render Pipeline/Particles/SimpleLit' not found
Refreshing native plugins compatible for Editor in 2.54 ms, found 2 plugins.
Preloading 0 native plugins for Editor in 0.00 ms.
Unloading 14 Unused Serialized files (Serialized files now loaded: 0)
System memory in use before: 74.0 MB.
System memory in use after: 74.3 MB.

Unloading 14 unused Assets to reduce memory usage. Loaded Objects now: 3904.
Total: 3.246800 ms (FindLiveObjects: 0.316700 ms CreateObjectMapping: 0.178500 ms MarkObjects: 2.732600 ms  DeleteObjects: 0.017900 ms)

========================================================================
Received Prepare
Shader 'Universal Render Pipeline/Particles/Lit': fallback shader 'Universal Render Pipeline/Particles/SimpleLit' not found
Refreshing native plugins compatible for Editor in 2.76 ms, found 2 plugins.
Preloading 0 native plugins for Editor in 0.00 ms.
Unloading 14 Unused Serialized files (Serialized files now loaded: 0)
System memory in use before: 74.0 MB.
System memory in use after: 74.3 MB.

Unloading 14 unused Assets to reduce memory usage. Loaded Objects now: 3904.
Total: 2.800800 ms (FindLiveObjects: 0.325100 ms CreateObjectMapping: 0.168600 ms MarkObjects: 2.290400 ms  DeleteObjects: 0.015500 ms)

AssetImportWorkerClient::OnTransportError - code=2 error=End of file
