Using pre-set license
Built from '2020.3/release' branch; Version is '2020.3.2f1 (8fd9074bf66c) revision 9427207'; Using compiler version '192528614'; Build Type 'Release'
OS: 'Windows 10 Home; OS build 22494.1000; Version 2009; 64bit' Language: 'en' Physical Memory: 16233 MB
BatchMode: 1, IsHumanControllingUs: 0, StartBugReporterOnCrash: 0, Is64bit: 1, IsPro: 0

 COMMAND LINE ARGUMENTS:
C:\Program Files\Unity\Hub\Editor\2020.3.2f1\Editor\Unity.exe
-adb2
-batchMode
-noUpm
-name
AssetImportWorker0
-projectPath
D:/Abousetta/Work/Wiki Experience/AR-Frog
-logFile
Logs/AssetImportWorker0.log
-srvPort
63372
Successfully changed project path to: D:/Abousetta/Work/Wiki Experience/AR-Frog
D:/Abousetta/Work/Wiki Experience/AR-Frog
Using Asset Import Pipeline V2.
Refreshing native plugins compatible for Editor in 61.19 ms, found 2 plugins.
Preloading 0 native plugins for Editor in 0.00 ms.
Initialize engine version: 2020.3.2f1 (8fd9074bf66c)
[Subsystems] Discovering subsystems at path C:/Program Files/Unity/Hub/Editor/2020.3.2f1/Editor/Data/Resources/UnitySubsystems
[Subsystems] Discovering subsystems at path D:/Abousetta/Work/Wiki Experience/AR-Frog/Assets
GfxDevice: creating device client; threaded=0
Direct3D:
    Version:  Direct3D 11.0 [level 11.1]
    Renderer: NVIDIA GeForce GTX 1660 Ti (ID=0x2191)
    Vendor:   
    VRAM:     5991 MB
    Driver:   30.0.14.9709
Shader 'Universal Render Pipeline/Particles/Lit': fallback shader 'Universal Render Pipeline/Particles/SimpleLit' not found
Initialize mono
Mono path[0] = 'C:/Program Files/Unity/Hub/Editor/2020.3.2f1/Editor/Data/Managed'
Mono path[1] = 'C:/Program Files/Unity/Hub/Editor/2020.3.2f1/Editor/Data/MonoBleedingEdge/lib/mono/unityjit'
Mono config path = 'C:/Program Files/Unity/Hub/Editor/2020.3.2f1/Editor/Data/MonoBleedingEdge/etc'
Using monoOptions --debugger-agent=transport=dt_socket,embedding=1,server=y,suspend=n,address=127.0.0.1:56188
Begin MonoManager ReloadAssembly
Registering precompiled unity dll's ...
Register platform support module: C:/Program Files/Unity/Hub/Editor/2020.3.2f1/Editor/Data/PlaybackEngines/WebGLSupport/UnityEditor.WebGL.Extensions.dll
Register platform support module: C:/Program Files/Unity/Hub/Editor/2020.3.2f1/Editor/Data/PlaybackEngines/WindowsStandaloneSupport/UnityEditor.WindowsStandalone.Extensions.dll
Registered in 0.001673 seconds.
Native extension for WindowsStandalone target not found
Native extension for WebGL target not found
Refreshing native plugins compatible for Editor in 69.74 ms, found 2 plugins.
Preloading 0 native plugins for Editor in 0.00 ms.
Invoked RoslynAnalysisRunner static constructor.
RoslynAnalysisRunner will not be running.
RoslynAnalysisRunner has terminated.
Mono: successfully reloaded assembly
- Completed reload, in  2.419 seconds
Platform modules already initialized, skipping
Registering precompiled user dll's ...
Registered in 0.003476 seconds.
Begin MonoManager ReloadAssembly
Native extension for WindowsStandalone target not found
Native extension for WebGL target not found
Refreshing native plugins compatible for Editor in 60.57 ms, found 2 plugins.
Preloading 0 native plugins for Editor in 0.00 ms.
Invoked RoslynAnalysisRunner static constructor.
RoslynAnalysisRunner will not be running.
RoslynAnalysisRunner has terminated.
Mono: successfully reloaded assembly
- Completed reload, in  1.520 seconds
Platform modules already initialized, skipping
========================================================================
Worker process is ready to serve import requests
Shader 'Universal Render Pipeline/Particles/Lit': fallback shader 'Universal Render Pipeline/Particles/SimpleLit' not found
Launched and connected shader compiler UnityShaderCompiler.exe after 0.05 seconds
Refreshing native plugins compatible for Editor in 0.60 ms, found 2 plugins.
Preloading 0 native plugins for Editor in 0.00 ms.
Unloading 3458 Unused Serialized files (Serialized files now loaded: 0)
System memory in use before: 148.7 MB.
System memory in use after: 148.9 MB.

Unloading 24 unused Assets to reduce memory usage. Loaded Objects now: 3895.
Total: 3.548400 ms (FindLiveObjects: 0.474600 ms CreateObjectMapping: 0.257700 ms MarkObjects: 2.746300 ms  DeleteObjects: 0.067400 ms)

========================================================================
Received Import Request.
  path: Assets/Presets/AudioStreaming.preset
  artifactKey: Guid(86bcce7f5575b54408aa0f3a7d321039) Importer(815301076,1909f56bfc062723c751e8b465ee728b)
Start importing Assets/Presets/AudioStreaming.preset using Guid(86bcce7f5575b54408aa0f3a7d321039) Importer(815301076,1909f56bfc062723c751e8b465ee728b)  -> (artifact id: '9531b9328c97b3092e7f346285422412') in 0.072007 seconds
  Import took 0.077887 seconds .

========================================================================
Received Import Request.
  Time since last request: 0.000267 seconds.
  path: Assets/Presets/AudioCompressedInMemory.preset
  artifactKey: Guid(2dd802e4d37c65149922028d3e973832) Importer(815301076,1909f56bfc062723c751e8b465ee728b)
Start importing Assets/Presets/AudioCompressedInMemory.preset using Guid(2dd802e4d37c65149922028d3e973832) Importer(815301076,1909f56bfc062723c751e8b465ee728b)  -> (artifact id: '2b0528948f2967fd9273370a1ef6cb5d') in 0.009793 seconds
  Import took 0.015790 seconds .

========================================================================
Received Import Request.
  Time since last request: 0.000304 seconds.
  path: Assets/Prefabs/Objects To Place/Frog.prefab
  artifactKey: Guid(0860518517fb4e7468748ffba3cfb6d0) Importer(815301076,1909f56bfc062723c751e8b465ee728b)
Start importing Assets/Prefabs/Objects To Place/Frog.prefab using Guid(0860518517fb4e7468748ffba3cfb6d0) Importer(815301076,1909f56bfc062723c751e8b465ee728b)  -> (artifact id: '023ef907e19969db71daf5221f00fa39') in 0.350289 seconds
  Import took 0.357913 seconds .

========================================================================
Received Import Request.
  Time since last request: 0.000237 seconds.
  path: Assets/Presets/NormalTexture.preset
  artifactKey: Guid(14a57cf3b9fa1c74b884aa7e0dcf1faa) Importer(815301076,1909f56bfc062723c751e8b465ee728b)
Start importing Assets/Presets/NormalTexture.preset using Guid(14a57cf3b9fa1c74b884aa7e0dcf1faa) Importer(815301076,1909f56bfc062723c751e8b465ee728b)  -> (artifact id: 'e09c6ab4ccb69d93c2671671f2e8d009') in 0.023097 seconds
  Import took 0.028137 seconds .

========================================================================
Received Import Request.
  Time since last request: 0.000333 seconds.
  path: Assets/Presets/UtilityTexture.preset
  artifactKey: Guid(45f7b2e3c78185248b3adbb14429c2ab) Importer(815301076,1909f56bfc062723c751e8b465ee728b)
Start importing Assets/Presets/UtilityTexture.preset using Guid(45f7b2e3c78185248b3adbb14429c2ab) Importer(815301076,1909f56bfc062723c751e8b465ee728b)  -> (artifact id: 'e32ea0910bc2d85783b402b0288cbecd') in 0.028202 seconds
  Import took 0.033448 seconds .

========================================================================
Received Import Request.
  Time since last request: 0.000336 seconds.
  path: Assets/Prefabs/AR Foundation Prefabs/AR Plane Visualizer.prefab
  artifactKey: Guid(067d25d9cb3a559479deaa236f89b28d) Importer(815301076,1909f56bfc062723c751e8b465ee728b)
Start importing Assets/Prefabs/AR Foundation Prefabs/AR Plane Visualizer.prefab using Guid(067d25d9cb3a559479deaa236f89b28d) Importer(815301076,1909f56bfc062723c751e8b465ee728b)  -> (artifact id: '2e555b97cbfb5bea6ad785d359882ea0') in 0.009771 seconds
  Import took 0.015017 seconds .

========================================================================
Received Import Request.
  Time since last request: 1.656240 seconds.
  path: Assets/Art/Textures/AR Foundation/PlanePatternDot.png
  artifactKey: Guid(af6bcea09b8134831b6599e2900aef81) Importer(815301076,1909f56bfc062723c751e8b465ee728b)
Start importing Assets/Art/Textures/AR Foundation/PlanePatternDot.png using Guid(af6bcea09b8134831b6599e2900aef81) Importer(815301076,1909f56bfc062723c751e8b465ee728b)  -> (artifact id: 'bf42306984984135784d8827590700d3') in 0.053866 seconds
  Import took 0.059442 seconds .

========================================================================
Received Import Request.
  Time since last request: 0.002275 seconds.
  path: Assets/Art/Textures/AR Foundation/PlanePatternDot.png
  artifactKey: Guid(af6bcea09b8134831b6599e2900aef81) Importer(815301076,1909f56bfc062723c751e8b465ee728b)
Start importing Assets/Art/Textures/AR Foundation/PlanePatternDot.png using Guid(af6bcea09b8134831b6599e2900aef81) Importer(815301076,1909f56bfc062723c751e8b465ee728b)  -> (artifact id: 'bf42306984984135784d8827590700d3') in 0.011173 seconds
  Import took 0.016892 seconds .

========================================================================
Received Import Request.
  Time since last request: 6.233076 seconds.
  path: Assets/Art/Materials/AR Foundation/AR Plane Visualizer Material.mat
  artifactKey: Guid(a191253d559750d43bbcb19cd8121caf) Importer(815301076,1909f56bfc062723c751e8b465ee728b)
Start importing Assets/Art/Materials/AR Foundation/AR Plane Visualizer Material.mat using Guid(a191253d559750d43bbcb19cd8121caf) Importer(815301076,1909f56bfc062723c751e8b465ee728b)  -> (artifact id: '3b846ec7f61c118a37bf33b216a28585') in 0.603591 seconds
  Import took 0.608910 seconds .

========================================================================
Received Import Request.
  Time since last request: 0.000380 seconds.
  path: Assets/Art/Materials/AR Foundation/URP AR Shadow Receiver.mat
  artifactKey: Guid(6b6a07fc5226d3a4a8f80794af6422bf) Importer(815301076,1909f56bfc062723c751e8b465ee728b)
Start importing Assets/Art/Materials/AR Foundation/URP AR Shadow Receiver.mat using Guid(6b6a07fc5226d3a4a8f80794af6422bf) Importer(815301076,1909f56bfc062723c751e8b465ee728b)  -> (artifact id: '197daf5de5b57a853571c8993d7f342e') in 0.015076 seconds
  Import took 0.021040 seconds .

========================================================================
Received Import Request.
  Time since last request: 0.000317 seconds.
  path: Assets/Art/Materials/AR Foundation/AR Plane Visualizer Material.mat
  artifactKey: Guid(a191253d559750d43bbcb19cd8121caf) Importer(815301076,1909f56bfc062723c751e8b465ee728b)
Start importing Assets/Art/Materials/AR Foundation/AR Plane Visualizer Material.mat using Guid(a191253d559750d43bbcb19cd8121caf) Importer(815301076,1909f56bfc062723c751e8b465ee728b)  -> (artifact id: '3b846ec7f61c118a37bf33b216a28585') in 0.014375 seconds
  Import took 0.020096 seconds .

========================================================================
Received Import Request.
  Time since last request: 0.000361 seconds.
  path: Assets/Art/Materials/AR Foundation/PlaneMat.mat
  artifactKey: Guid(2da0ea038f25a4fa998f183878aedf79) Importer(815301076,1909f56bfc062723c751e8b465ee728b)
Start importing Assets/Art/Materials/AR Foundation/PlaneMat.mat using Guid(2da0ea038f25a4fa998f183878aedf79) Importer(815301076,1909f56bfc062723c751e8b465ee728b)  -> (artifact id: '3688d40b5356473803f969fde3b14179') in 0.019851 seconds
  Import took 0.026015 seconds .

========================================================================
Received Import Request.
  Time since last request: 4.704247 seconds.
  path: Assets/Art/Frog/Animations/Materials/default.mat
  artifactKey: Guid(a523f3891bd5d3b449491f4a4c287cdb) Importer(815301076,1909f56bfc062723c751e8b465ee728b)
Start importing Assets/Art/Frog/Animations/Materials/default.mat using Guid(a523f3891bd5d3b449491f4a4c287cdb) Importer(815301076,1909f56bfc062723c751e8b465ee728b)  -> (artifact id: '970e28f81b28a6d239614e73a375fff3') in 0.367465 seconds
  Import took 0.372893 seconds .

========================================================================
Received Import Request.
  Time since last request: 0.000314 seconds.
  path: Assets/TextMesh Pro/Resources/Fonts & Materials/LiberationSans SDF - Outline.mat
  artifactKey: Guid(79459efec17a4d00a321bdcc27bbc385) Importer(815301076,1909f56bfc062723c751e8b465ee728b)
Start importing Assets/TextMesh Pro/Resources/Fonts & Materials/LiberationSans SDF - Outline.mat using Guid(79459efec17a4d00a321bdcc27bbc385) Importer(815301076,1909f56bfc062723c751e8b465ee728b)  -> (artifact id: '023e353335bbb398b7e38fc529cc4f28') in 0.089460 seconds
  Import took 0.095209 seconds .

========================================================================
Received Import Request.
  Time since last request: 0.000369 seconds.
  path: Assets/Art/Materials/Frog/Shader Graphs_Dissolve Obj.mat
  artifactKey: Guid(abc2544eefbeab34c8d8119121ed8e6d) Importer(815301076,1909f56bfc062723c751e8b465ee728b)
Start importing Assets/Art/Materials/Frog/Shader Graphs_Dissolve Obj.mat using Guid(abc2544eefbeab34c8d8119121ed8e6d) Importer(815301076,1909f56bfc062723c751e8b465ee728b)  -> (artifact id: 'add036082de5242468959d443b91c0ed') in 0.062941 seconds
  Import took 0.069993 seconds .

========================================================================
Received Import Request.
  Time since last request: 0.000364 seconds.
  path: Assets/Art/Frog/Models/Materials/default.mat
  artifactKey: Guid(bdd96e6969f724a4aaddfd8848f6e550) Importer(815301076,1909f56bfc062723c751e8b465ee728b)
Start importing Assets/Art/Frog/Models/Materials/default.mat using Guid(bdd96e6969f724a4aaddfd8848f6e550) Importer(815301076,1909f56bfc062723c751e8b465ee728b)  -> (artifact id: 'e116a60d2f08381abc701fcd87984780') in 0.029968 seconds
  Import took 0.035904 seconds .

========================================================================
Received Import Request.
  Time since last request: 0.000253 seconds.
  path: Assets/Art/Materials/Tables/Table_Round.mat
  artifactKey: Guid(bb18def5d4094d14ebfb0266cb09764b) Importer(815301076,1909f56bfc062723c751e8b465ee728b)
Start importing Assets/Art/Materials/Tables/Table_Round.mat using Guid(bb18def5d4094d14ebfb0266cb09764b) Importer(815301076,1909f56bfc062723c751e8b465ee728b)  -> (artifact id: '77694aecc1395e9d14db23865a229bc0') in 0.846393 seconds
  Import took 0.851697 seconds .

========================================================================
Received Import Request.
  Time since last request: 0.000292 seconds.
  path: Assets/Imported Plugins/QuickOutline/Resources/Materials/OutlineMask.mat
  artifactKey: Guid(106f3ff43a17d4967a2b64c7a92e49ec) Importer(815301076,1909f56bfc062723c751e8b465ee728b)
Start importing Assets/Imported Plugins/QuickOutline/Resources/Materials/OutlineMask.mat using Guid(106f3ff43a17d4967a2b64c7a92e49ec) Importer(815301076,1909f56bfc062723c751e8b465ee728b)  -> (artifact id: '90ed71ca93ede45bffcf3d7896cb5e9e') in 0.040232 seconds
  Import took 0.133472 seconds .

========================================================================
Received Import Request.
  Time since last request: 0.000310 seconds.
  path: Assets/Art/Materials/Tables/Table_Round_Brass.mat
  artifactKey: Guid(ddbfb548a828fac4faa5ada630cf5437) Importer(815301076,1909f56bfc062723c751e8b465ee728b)
Start importing Assets/Art/Materials/Tables/Table_Round_Brass.mat using Guid(ddbfb548a828fac4faa5ada630cf5437) Importer(815301076,1909f56bfc062723c751e8b465ee728b)  -> (artifact id: '8e22499838f390f43b81d6a419d51e9e') in 0.271987 seconds
  Import took 0.512988 seconds .

========================================================================
Received Import Request.
  Time since last request: 0.000340 seconds.
  path: Assets/TextMesh Pro/Resources/Fonts & Materials/LiberationSans SDF - Fallback.asset
  artifactKey: Guid(2e498d1c8094910479dc3e1b768306a4) Importer(815301076,1909f56bfc062723c751e8b465ee728b)
Start importing Assets/TextMesh Pro/Resources/Fonts & Materials/LiberationSans SDF - Fallback.asset using Guid(2e498d1c8094910479dc3e1b768306a4) Importer(815301076,1909f56bfc062723c751e8b465ee728b)  -> (artifact id: '3018af822c7058b6962d9ff66750aa17') in 0.094717 seconds
  Import took 0.100526 seconds .

========================================================================
Received Import Request.
  Time since last request: 0.000341 seconds.
  path: Assets/Imported Plugins/TWD/FreeButtonSet/Fonts/Poppins-MediumItalic.ttf
  artifactKey: Guid(d1fe0bc1ac9782f4c8f875e1a7cea6d7) Importer(815301076,1909f56bfc062723c751e8b465ee728b)
Start importing Assets/Imported Plugins/TWD/FreeButtonSet/Fonts/Poppins-MediumItalic.ttf using Guid(d1fe0bc1ac9782f4c8f875e1a7cea6d7) Importer(815301076,1909f56bfc062723c751e8b465ee728b)  -> (artifact id: '8bcc238c890d56ac35d43b06241ad2c9') in 0.021342 seconds
  Import took 0.027221 seconds .

========================================================================
Received Import Request.
  Time since last request: 0.000278 seconds.
  path: Assets/TextMesh Pro/Fonts/LiberationSans.ttf
  artifactKey: Guid(e3265ab4bf004d28a9537516768c1c75) Importer(815301076,1909f56bfc062723c751e8b465ee728b)
Start importing Assets/TextMesh Pro/Fonts/LiberationSans.ttf using Guid(e3265ab4bf004d28a9537516768c1c75) Importer(815301076,1909f56bfc062723c751e8b465ee728b)  -> (artifact id: '31f932cb933cf8df44db9e966c46ff36') in 0.016137 seconds
  Import took 0.022241 seconds .

========================================================================
Received Import Request.
  Time since last request: 0.000275 seconds.
  path: Assets/TextMesh Pro/Resources/Fonts & Materials/LiberationSans SDF - Drop Shadow.mat
  artifactKey: Guid(e73a58f6e2794ae7b1b7e50b7fb811b0) Importer(815301076,1909f56bfc062723c751e8b465ee728b)
Start importing Assets/TextMesh Pro/Resources/Fonts & Materials/LiberationSans SDF - Drop Shadow.mat using Guid(e73a58f6e2794ae7b1b7e50b7fb811b0) Importer(815301076,1909f56bfc062723c751e8b465ee728b)  -> (artifact id: 'fc607e367891e2d4a2dc7c376757bd30') in 0.082112 seconds
  Import took 0.087709 seconds .

========================================================================
Received Import Request.
  Time since last request: 0.000254 seconds.
  path: Assets/Art/Materials/Tables/Table_Oval.mat
  artifactKey: Guid(8586353f87286dd44a4fab564f04493c) Importer(815301076,1909f56bfc062723c751e8b465ee728b)
Start importing Assets/Art/Materials/Tables/Table_Oval.mat using Guid(8586353f87286dd44a4fab564f04493c) Importer(815301076,1909f56bfc062723c751e8b465ee728b)  -> (artifact id: 'd0e6f8f89c6ff6136c63fa3bcffce0d5') in 0.244629 seconds
  Import took 0.250887 seconds .

========================================================================
Received Import Request.
  Time since last request: 0.000340 seconds.
  path: Assets/Imported Plugins/QuickOutline/Resources/Materials/OutlineFill.mat
  artifactKey: Guid(311313efa011949e98b6761d652ad13c) Importer(815301076,1909f56bfc062723c751e8b465ee728b)
Start importing Assets/Imported Plugins/QuickOutline/Resources/Materials/OutlineFill.mat using Guid(311313efa011949e98b6761d652ad13c) Importer(815301076,1909f56bfc062723c751e8b465ee728b)  -> (artifact id: '14467fd694805f53005ffc6efaa0dd53') in 0.041428 seconds
  Import took 0.047136 seconds .

========================================================================
Received Import Request.
  Time since last request: 0.000374 seconds.
  path: Assets/TextMesh Pro/Resources/Fonts & Materials/LiberationSans SDF.asset
  artifactKey: Guid(8f586378b4e144a9851e7b34d9b748ee) Importer(815301076,1909f56bfc062723c751e8b465ee728b)
Start importing Assets/TextMesh Pro/Resources/Fonts & Materials/LiberationSans SDF.asset using Guid(8f586378b4e144a9851e7b34d9b748ee) Importer(815301076,1909f56bfc062723c751e8b465ee728b)  -> (artifact id: 'ca5c10bbd5c7216d798b079187c553f0') in 0.041698 seconds
  Import took 0.046908 seconds .

========================================================================
Received Import Request.
  Time since last request: 0.000324 seconds.
  path: Assets/Art/Materials/Tables/Table_Square.mat
  artifactKey: Guid(682aad656b0ff4d4a895f8a207ee235b) Importer(815301076,1909f56bfc062723c751e8b465ee728b)
Start importing Assets/Art/Materials/Tables/Table_Square.mat using Guid(682aad656b0ff4d4a895f8a207ee235b) Importer(815301076,1909f56bfc062723c751e8b465ee728b)  -> (artifact id: '782b2a87f3263ac655e85a93099fa3cf') in 0.262414 seconds
  Import took 0.267520 seconds .

========================================================================
Received Import Request.
  Time since last request: 0.000349 seconds.
  path: Assets/Imported Plugins/TWD/FreeButtonSet/Fonts/Poppins-Bold.ttf
  artifactKey: Guid(f4c99a340a6e6504aa6e992b7a253612) Importer(815301076,1909f56bfc062723c751e8b465ee728b)
Start importing Assets/Imported Plugins/TWD/FreeButtonSet/Fonts/Poppins-Bold.ttf using Guid(f4c99a340a6e6504aa6e992b7a253612) Importer(815301076,1909f56bfc062723c751e8b465ee728b)  -> (artifact id: 'cf80673faabed7cfbb39edb7b9a3872a') in 0.037348 seconds
  Import took 0.042369 seconds .

========================================================================
Received Import Request.
  Time since last request: 0.000408 seconds.
  path: Assets/Art/Materials/Tables/Table_Square.mat
  artifactKey: Guid(682aad656b0ff4d4a895f8a207ee235b) Importer(815301076,1909f56bfc062723c751e8b465ee728b)
Start importing Assets/Art/Materials/Tables/Table_Square.mat using Guid(682aad656b0ff4d4a895f8a207ee235b) Importer(815301076,1909f56bfc062723c751e8b465ee728b)  -> (artifact id: '782b2a87f3263ac655e85a93099fa3cf') in 0.259236 seconds
  Import took 0.264616 seconds .

========================================================================
Received Import Request.
  Time since last request: 1.844679 seconds.
  path: Assets/Art/Materials/Armchair/Armchair.mat
  artifactKey: Guid(8b344370442144b41828e5c34e5cade6) Importer(815301076,1909f56bfc062723c751e8b465ee728b)
Start importing Assets/Art/Materials/Armchair/Armchair.mat using Guid(8b344370442144b41828e5c34e5cade6) Importer(815301076,1909f56bfc062723c751e8b465ee728b)  -> (artifact id: '723809f0041d63e287e730c83d16d069') in 0.258412 seconds
  Import took 0.264231 seconds .

========================================================================
Received Import Request.
  Time since last request: 0.000316 seconds.
  path: Assets/Art/Materials/Armchair/Armchair_Footrest.mat
  artifactKey: Guid(2bf8448ce06f3cf4e8c599dd21b3d3b9) Importer(815301076,1909f56bfc062723c751e8b465ee728b)
Start importing Assets/Art/Materials/Armchair/Armchair_Footrest.mat using Guid(2bf8448ce06f3cf4e8c599dd21b3d3b9) Importer(815301076,1909f56bfc062723c751e8b465ee728b)  -> (artifact id: 'fbfdbe54fef6238b275b0b51913a3209') in 0.274033 seconds
  Import took 0.280851 seconds .

========================================================================
Received Import Request.
  Time since last request: 17.054637 seconds.
  path: Assets/Scenes/Main Scenes
  artifactKey: Guid(77935ec9c3394e3439fe446180d96456) Importer(815301076,1909f56bfc062723c751e8b465ee728b)
Start importing Assets/Scenes/Main Scenes using Guid(77935ec9c3394e3439fe446180d96456) Importer(815301076,1909f56bfc062723c751e8b465ee728b)  -> (artifact id: '207c8e97cdd384fe2c4ef965d2f364b5') in 0.007270 seconds
  Import took 0.013295 seconds .

========================================================================
Received Import Request.
  Time since last request: 0.530546 seconds.
  path: Assets/Scenes/Main Scenes/Main Scene.unity
  artifactKey: Guid(cc91186aacee144438a43ed05d96b675) Importer(815301076,1909f56bfc062723c751e8b465ee728b)
Start importing Assets/Scenes/Main Scenes/Main Scene.unity using Guid(cc91186aacee144438a43ed05d96b675) Importer(815301076,1909f56bfc062723c751e8b465ee728b)  -> (artifact id: 'bbd78027c06908247e8b1d712f3d56e1') in 0.007377 seconds
  Import took 0.013570 seconds .

========================================================================
Received Prepare
Shader 'Universal Render Pipeline/Particles/Lit': fallback shader 'Universal Render Pipeline/Particles/SimpleLit' not found
Refreshing native plugins compatible for Editor in 2.66 ms, found 2 plugins.
Preloading 0 native plugins for Editor in 0.00 ms.
Unloading 15 Unused Serialized files (Serialized files now loaded: 0)
System memory in use before: 94.3 MB.
System memory in use after: 94.5 MB.

Unloading 14 unused Assets to reduce memory usage. Loaded Objects now: 4008.
Total: 3.771000 ms (FindLiveObjects: 0.395800 ms CreateObjectMapping: 0.239600 ms MarkObjects: 3.114900 ms  DeleteObjects: 0.019400 ms)

AssetImportWorkerClient::OnTransportError - code=2 error=End of file
